<?xml version="1.0" encoding="UTF-8"?>
<testsuite xmlns:xsi="http://www.w3.org/2001/XMLSchema-instance" xsi:noNamespaceSchemaLocation="https://maven.apache.org/surefire/maven-surefire-plugin/xsd/surefire-test-report.xsd" name="org.nhind.xdr.XDRTest" time="0.405" tests="2" errors="0" skipped="0" failures="0">
  <properties>
    <property name="sun.desktop" value="windows"/>
    <property name="awt.toolkit" value="sun.awt.windows.WToolkit"/>
    <property name="file.encoding.pkg" value="sun.io"/>
    <property name="java.specification.version" value="1.8"/>
    <property name="sun.cpu.isalist" value="amd64"/>
    <property name="sun.jnu.encoding" value="Cp1252"/>
    <property name="java.class.path" value="C:\Work\HISP\Version 6.0\Download-4.17.2024\xd-6.0\xd-6.0\target\test-classes;C:\Work\HISP\Version 6.0\Download-4.17.2024\xd-6.0\xd-6.0\target\classes;C:\Users\NamrathaGonuguntla\.m2\repository\org\apache\cxf\cxf-spring-boot-starter-jaxws\3.2.7\cxf-spring-boot-starter-jaxws-3.2.7.jar;C:\Users\NamrathaGonuguntla\.m2\repository\org\springframework\boot\spring-boot-starter\2.1.2.RELEASE\spring-boot-starter-2.1.2.RELEASE.jar;C:\Users\NamrathaGonuguntla\.m2\repository\org\springframework\boot\spring-boot\2.1.2.RELEASE\spring-boot-2.1.2.RELEASE.jar;C:\Users\NamrathaGonuguntla\.m2\repository\org\springframework\boot\spring-boot-autoconfigure\2.1.2.RELEASE\spring-boot-autoconfigure-2.1.2.RELEASE.jar;C:\Users\NamrathaGonuguntla\.m2\repository\org\springframework\boot\spring-boot-starter-logging\2.1.2.RELEASE\spring-boot-starter-logging-2.1.2.RELEASE.jar;C:\Users\NamrathaGonuguntla\.m2\repository\ch\qos\logback\logback-classic\1.2.3\logback-classic-1.2.3.jar;C:\Users\NamrathaGonuguntla\.m2\repository\org\apache\logging\log4j\log4j-to-slf4j\2.11.1\log4j-to-slf4j-2.11.1.jar;C:\Users\NamrathaGonuguntla\.m2\repository\org\apache\logging\log4j\log4j-api\2.11.1\log4j-api-2.11.1.jar;C:\Users\NamrathaGonuguntla\.m2\repository\org\slf4j\jul-to-slf4j\1.7.25\jul-to-slf4j-1.7.25.jar;C:\Users\NamrathaGonuguntla\.m2\repository\javax\annotation\javax.annotation-api\1.3.2\javax.annotation-api-1.3.2.jar;C:\Users\NamrathaGonuguntla\.m2\repository\org\springframework\spring-core\5.1.4.RELEASE\spring-core-5.1.4.RELEASE.jar;C:\Users\NamrathaGonuguntla\.m2\repository\org\springframework\spring-jcl\5.1.4.RELEASE\spring-jcl-5.1.4.RELEASE.jar;C:\Users\NamrathaGonuguntla\.m2\repository\org\yaml\snakeyaml\1.23\snakeyaml-1.23.jar;C:\Users\NamrathaGonuguntla\.m2\repository\org\springframework\boot\spring-boot-starter-web\2.1.2.RELEASE\spring-boot-starter-web-2.1.2.RELEASE.jar;C:\Users\NamrathaGonuguntla\.m2\repository\org\springframework\boot\spring-boot-starter-json\2.1.2.RELEASE\spring-boot-starter-json-2.1.2.RELEASE.jar;C:\Users\NamrathaGonuguntla\.m2\repository\com\fasterxml\jackson\datatype\jackson-datatype-jdk8\2.9.8\jackson-datatype-jdk8-2.9.8.jar;C:\Users\NamrathaGonuguntla\.m2\repository\com\fasterxml\jackson\datatype\jackson-datatype-jsr310\2.9.8\jackson-datatype-jsr310-2.9.8.jar;C:\Users\NamrathaGonuguntla\.m2\repository\com\fasterxml\jackson\module\jackson-module-parameter-names\2.9.8\jackson-module-parameter-names-2.9.8.jar;C:\Users\NamrathaGonuguntla\.m2\repository\org\springframework\boot\spring-boot-starter-tomcat\2.1.2.RELEASE\spring-boot-starter-tomcat-2.1.2.RELEASE.jar;C:\Users\NamrathaGonuguntla\.m2\repository\org\apache\tomcat\embed\tomcat-embed-core\9.0.14\tomcat-embed-core-9.0.14.jar;C:\Users\NamrathaGonuguntla\.m2\repository\org\apache\tomcat\embed\tomcat-embed-el\9.0.14\tomcat-embed-el-9.0.14.jar;C:\Users\NamrathaGonuguntla\.m2\repository\org\apache\tomcat\embed\tomcat-embed-websocket\9.0.14\tomcat-embed-websocket-9.0.14.jar;C:\Users\NamrathaGonuguntla\.m2\repository\org\hibernate\validator\hibernate-validator\6.0.14.Final\hibernate-validator-6.0.14.Final.jar;C:\Users\NamrathaGonuguntla\.m2\repository\org\jboss\logging\jboss-logging\3.3.2.Final\jboss-logging-3.3.2.Final.jar;C:\Users\NamrathaGonuguntla\.m2\repository\com\fasterxml\classmate\1.4.0\classmate-1.4.0.jar;C:\Users\NamrathaGonuguntla\.m2\repository\org\springframework\spring-web\5.1.4.RELEASE\spring-web-5.1.4.RELEASE.jar;C:\Users\NamrathaGonuguntla\.m2\repository\org\springframework\spring-webmvc\5.1.4.RELEASE\spring-webmvc-5.1.4.RELEASE.jar;C:\Users\NamrathaGonuguntla\.m2\repository\org\apache\cxf\cxf-spring-boot-autoconfigure\3.2.7\cxf-spring-boot-autoconfigure-3.2.7.jar;C:\Users\NamrathaGonuguntla\.m2\repository\javax\validation\validation-api\2.0.1.Final\validation-api-2.0.1.Final.jar;C:\Users\NamrathaGonuguntla\.m2\repository\org\apache\cxf\cxf-rt-bindings-xml\3.2.7\cxf-rt-bindings-xml-3.2.7.jar;C:\Users\NamrathaGonuguntla\.m2\repository\org\apache\cxf\cxf-core\3.2.7\cxf-core-3.2.7.jar;C:\Users\NamrathaGonuguntla\.m2\repository\com\fasterxml\woodstox\woodstox-core\5.0.3\woodstox-core-5.0.3.jar;C:\Users\NamrathaGonuguntla\.m2\repository\org\codehaus\woodstox\stax2-api\3.1.4\stax2-api-3.1.4.jar;C:\Users\NamrathaGonuguntla\.m2\repository\org\apache\ws\xmlschema\xmlschema-core\2.2.3\xmlschema-core-2.2.3.jar;C:\Users\NamrathaGonuguntla\.m2\repository\org\apache\cxf\cxf-rt-bindings-soap\3.2.7\cxf-rt-bindings-soap-3.2.7.jar;C:\Users\NamrathaGonuguntla\.m2\repository\org\apache\cxf\cxf-rt-wsdl\3.2.7\cxf-rt-wsdl-3.2.7.jar;C:\Users\NamrathaGonuguntla\.m2\repository\wsdl4j\wsdl4j\1.6.3\wsdl4j-1.6.3.jar;C:\Users\NamrathaGonuguntla\.m2\repository\org\apache\cxf\cxf-rt-databinding-jaxb\3.2.7\cxf-rt-databinding-jaxb-3.2.7.jar;C:\Users\NamrathaGonuguntla\.m2\repository\org\apache\cxf\cxf-rt-frontend-jaxws\3.2.7\cxf-rt-frontend-jaxws-3.2.7.jar;C:\Users\NamrathaGonuguntla\.m2\repository\xml-resolver\xml-resolver\1.2\xml-resolver-1.2.jar;C:\Users\NamrathaGonuguntla\.m2\repository\org\ow2\asm\asm\5.2\asm-5.2.jar;C:\Users\NamrathaGonuguntla\.m2\repository\org\apache\cxf\cxf-rt-frontend-simple\3.2.7\cxf-rt-frontend-simple-3.2.7.jar;C:\Users\NamrathaGonuguntla\.m2\repository\org\apache\cxf\cxf-rt-ws-addr\3.2.7\cxf-rt-ws-addr-3.2.7.jar;C:\Users\NamrathaGonuguntla\.m2\repository\org\apache\cxf\cxf-rt-ws-policy\3.2.7\cxf-rt-ws-policy-3.2.7.jar;C:\Users\NamrathaGonuguntla\.m2\repository\org\apache\neethi\neethi\3.1.1\neethi-3.1.1.jar;C:\Users\NamrathaGonuguntla\.m2\repository\org\apache\cxf\cxf-rt-transports-http\3.2.7\cxf-rt-transports-http-3.2.7.jar;C:\Users\NamrathaGonuguntla\.m2\repository\org\apache\cxf\cxf-rt-transports-http-jetty\3.2.7\cxf-rt-transports-http-jetty-3.2.7.jar;C:\Users\NamrathaGonuguntla\.m2\repository\org\eclipse\jetty\jetty-server\9.4.14.v20181114\jetty-server-9.4.14.v20181114.jar;C:\Users\NamrathaGonuguntla\.m2\repository\javax\servlet\javax.servlet-api\4.0.1\javax.servlet-api-4.0.1.jar;C:\Users\NamrathaGonuguntla\.m2\repository\org\eclipse\jetty\jetty-util\9.4.14.v20181114\jetty-util-9.4.14.v20181114.jar;C:\Users\NamrathaGonuguntla\.m2\repository\org\eclipse\jetty\jetty-io\9.4.14.v20181114\jetty-io-9.4.14.v20181114.jar;C:\Users\NamrathaGonuguntla\.m2\repository\org\eclipse\jetty\jetty-security\9.4.14.v20181114\jetty-security-9.4.14.v20181114.jar;C:\Users\NamrathaGonuguntla\.m2\repository\org\eclipse\jetty\jetty-continuation\9.4.14.v20181114\jetty-continuation-9.4.14.v20181114.jar;C:\Users\NamrathaGonuguntla\.m2\repository\org\eclipse\jetty\jetty-http\9.4.14.v20181114\jetty-http-9.4.14.v20181114.jar;C:\Users\NamrathaGonuguntla\.m2\repository\org\slf4j\slf4j-api\1.7.25\slf4j-api-1.7.25.jar;C:\Users\NamrathaGonuguntla\.m2\repository\org\springframework\boot\spring-boot-starter-security\2.1.2.RELEASE\spring-boot-starter-security-2.1.2.RELEASE.jar;C:\Users\NamrathaGonuguntla\.m2\repository\org\springframework\spring-aop\5.1.4.RELEASE\spring-aop-5.1.4.RELEASE.jar;C:\Users\NamrathaGonuguntla\.m2\repository\org\springframework\spring-beans\5.1.4.RELEASE\spring-beans-5.1.4.RELEASE.jar;C:\Users\NamrathaGonuguntla\.m2\repository\org\springframework\security\spring-security-config\5.1.3.RELEASE\spring-security-config-5.1.3.RELEASE.jar;C:\Users\NamrathaGonuguntla\.m2\repository\org\springframework\security\spring-security-core\5.1.3.RELEASE\spring-security-core-5.1.3.RELEASE.jar;C:\Users\NamrathaGonuguntla\.m2\repository\org\springframework\spring-context\5.1.4.RELEASE\spring-context-5.1.4.RELEASE.jar;C:\Users\NamrathaGonuguntla\.m2\repository\org\springframework\security\spring-security-web\5.1.3.RELEASE\spring-security-web-5.1.3.RELEASE.jar;C:\Users\NamrathaGonuguntla\.m2\repository\org\springframework\spring-expression\5.1.4.RELEASE\spring-expression-5.1.4.RELEASE.jar;C:\Users\NamrathaGonuguntla\.m2\repository\org\springframework\cloud\spring-cloud-starter-netflix-eureka-client\2.1.0.RELEASE\spring-cloud-starter-netflix-eureka-client-2.1.0.RELEASE.jar;C:\Users\NamrathaGonuguntla\.m2\repository\org\springframework\cloud\spring-cloud-starter\2.1.0.RELEASE\spring-cloud-starter-2.1.0.RELEASE.jar;C:\Users\NamrathaGonuguntla\.m2\repository\org\springframework\cloud\spring-cloud-context\2.1.0.RELEASE\spring-cloud-context-2.1.0.RELEASE.jar;C:\Users\NamrathaGonuguntla\.m2\repository\org\springframework\security\spring-security-crypto\5.1.3.RELEASE\spring-security-crypto-5.1.3.RELEASE.jar;C:\Users\NamrathaGonuguntla\.m2\repository\org\springframework\cloud\spring-cloud-commons\2.1.0.RELEASE\spring-cloud-commons-2.1.0.RELEASE.jar;C:\Users\NamrathaGonuguntla\.m2\repository\org\springframework\security\spring-security-rsa\1.0.7.RELEASE\spring-security-rsa-1.0.7.RELEASE.jar;C:\Users\NamrathaGonuguntla\.m2\repository\org\springframework\cloud\spring-cloud-netflix-hystrix\2.1.0.RELEASE\spring-cloud-netflix-hystrix-2.1.0.RELEASE.jar;C:\Users\NamrathaGonuguntla\.m2\repository\org\springframework\boot\spring-boot-starter-aop\2.1.2.RELEASE\spring-boot-starter-aop-2.1.2.RELEASE.jar;C:\Users\NamrathaGonuguntla\.m2\repository\org\aspectj\aspectjweaver\1.9.2\aspectjweaver-1.9.2.jar;C:\Users\NamrathaGonuguntla\.m2\repository\org\springframework\cloud\spring-cloud-netflix-eureka-client\2.1.0.RELEASE\spring-cloud-netflix-eureka-client-2.1.0.RELEASE.jar;C:\Users\NamrathaGonuguntla\.m2\repository\com\netflix\eureka\eureka-client\1.9.8\eureka-client-1.9.8.jar;C:\Users\NamrathaGonuguntla\.m2\repository\org\codehaus\jettison\jettison\1.3.7\jettison-1.3.7.jar;C:\Users\NamrathaGonuguntla\.m2\repository\stax\stax-api\1.0.1\stax-api-1.0.1.jar;C:\Users\NamrathaGonuguntla\.m2\repository\com\netflix\netflix-commons\netflix-eventbus\0.3.0\netflix-eventbus-0.3.0.jar;C:\Users\NamrathaGonuguntla\.m2\repository\com\netflix\netflix-commons\netflix-infix\0.3.0\netflix-infix-0.3.0.jar;C:\Users\NamrathaGonuguntla\.m2\repository\commons-jxpath\commons-jxpath\1.3\commons-jxpath-1.3.jar;C:\Users\NamrathaGonuguntla\.m2\repository\org\antlr\antlr-runtime\3.4\antlr-runtime-3.4.jar;C:\Users\NamrathaGonuguntla\.m2\repository\org\antlr\stringtemplate\3.2.1\stringtemplate-3.2.1.jar;C:\Users\NamrathaGonuguntla\.m2\repository\com\google\code\gson\gson\2.8.5\gson-2.8.5.jar;C:\Users\NamrathaGonuguntla\.m2\repository\org\apache\commons\commons-math\2.2\commons-math-2.2.jar;C:\Users\NamrathaGonuguntla\.m2\repository\com\netflix\archaius\archaius-core\0.7.6\archaius-core-0.7.6.jar;C:\Users\NamrathaGonuguntla\.m2\repository\javax\ws\rs\jsr311-api\1.1.1\jsr311-api-1.1.1.jar;C:\Users\NamrathaGonuguntla\.m2\repository\com\netflix\servo\servo-core\0.12.21\servo-core-0.12.21.jar;C:\Users\NamrathaGonuguntla\.m2\repository\com\sun\jersey\jersey-core\1.19.1\jersey-core-1.19.1.jar;C:\Users\NamrathaGonuguntla\.m2\repository\com\sun\jersey\jersey-client\1.19.1\jersey-client-1.19.1.jar;C:\Users\NamrathaGonuguntla\.m2\repository\com\sun\jersey\contribs\jersey-apache-client4\1.19.1\jersey-apache-client4-1.19.1.jar;C:\Users\NamrathaGonuguntla\.m2\repository\org\apache\httpcomponents\httpclient\4.5.6\httpclient-4.5.6.jar;C:\Users\NamrathaGonuguntla\.m2\repository\org\apache\httpcomponents\httpcore\4.4.10\httpcore-4.4.10.jar;C:\Users\NamrathaGonuguntla\.m2\repository\com\google\inject\guice\4.1.0\guice-4.1.0.jar;C:\Users\NamrathaGonuguntla\.m2\repository\aopalliance\aopalliance\1.0\aopalliance-1.0.jar;C:\Users\NamrathaGonuguntla\.m2\repository\com\github\vlsi\compactmap\compactmap\1.2.1\compactmap-1.2.1.jar;C:\Users\NamrathaGonuguntla\.m2\repository\com\github\andrewoma\dexx\dexx-collections\0.2\dexx-collections-0.2.jar;C:\Users\NamrathaGonuguntla\.m2\repository\com\fasterxml\jackson\core\jackson-annotations\2.9.0\jackson-annotations-2.9.0.jar;C:\Users\NamrathaGonuguntla\.m2\repository\com\fasterxml\jackson\core\jackson-core\2.9.8\jackson-core-2.9.8.jar;C:\Users\NamrathaGonuguntla\.m2\repository\com\netflix\eureka\eureka-core\1.9.8\eureka-core-1.9.8.jar;C:\Users\NamrathaGonuguntla\.m2\repository\org\codehaus\woodstox\woodstox-core-asl\4.4.1\woodstox-core-asl-4.4.1.jar;C:\Users\NamrathaGonuguntla\.m2\repository\javax\xml\stream\stax-api\1.0-2\stax-api-1.0-2.jar;C:\Users\NamrathaGonuguntla\.m2\repository\org\springframework\cloud\spring-cloud-starter-netflix-archaius\2.1.0.RELEASE\spring-cloud-starter-netflix-archaius-2.1.0.RELEASE.jar;C:\Users\NamrathaGonuguntla\.m2\repository\org\springframework\cloud\spring-cloud-netflix-ribbon\2.1.0.RELEASE\spring-cloud-netflix-ribbon-2.1.0.RELEASE.jar;C:\Users\NamrathaGonuguntla\.m2\repository\org\springframework\cloud\spring-cloud-netflix-archaius\2.1.0.RELEASE\spring-cloud-netflix-archaius-2.1.0.RELEASE.jar;C:\Users\NamrathaGonuguntla\.m2\repository\commons-configuration\commons-configuration\1.8\commons-configuration-1.8.jar;C:\Users\NamrathaGonuguntla\.m2\repository\commons-lang\commons-lang\2.6\commons-lang-2.6.jar;C:\Users\NamrathaGonuguntla\.m2\repository\org\springframework\cloud\spring-cloud-starter-netflix-ribbon\2.1.0.RELEASE\spring-cloud-starter-netflix-ribbon-2.1.0.RELEASE.jar;C:\Users\NamrathaGonuguntla\.m2\repository\com\netflix\ribbon\ribbon\2.3.0\ribbon-2.3.0.jar;C:\Users\NamrathaGonuguntla\.m2\repository\com\netflix\ribbon\ribbon-transport\2.3.0\ribbon-transport-2.3.0.jar;C:\Users\NamrathaGonuguntla\.m2\repository\io\reactivex\rxnetty-contexts\0.4.9\rxnetty-contexts-0.4.9.jar;C:\Users\NamrathaGonuguntla\.m2\repository\io\reactivex\rxnetty-servo\0.4.9\rxnetty-servo-0.4.9.jar;C:\Users\NamrathaGonuguntla\.m2\repository\com\netflix\hystrix\hystrix-core\1.5.18\hystrix-core-1.5.18.jar;C:\Users\NamrathaGonuguntla\.m2\repository\org\hdrhistogram\HdrHistogram\2.1.9\HdrHistogram-2.1.9.jar;C:\Users\NamrathaGonuguntla\.m2\repository\io\reactivex\rxnetty\0.4.9\rxnetty-0.4.9.jar;C:\Users\NamrathaGonuguntla\.m2\repository\com\netflix\ribbon\ribbon-core\2.3.0\ribbon-core-2.3.0.jar;C:\Users\NamrathaGonuguntla\.m2\repository\com\netflix\ribbon\ribbon-httpclient\2.3.0\ribbon-httpclient-2.3.0.jar;C:\Users\NamrathaGonuguntla\.m2\repository\com\netflix\netflix-commons\netflix-commons-util\0.3.0\netflix-commons-util-0.3.0.jar;C:\Users\NamrathaGonuguntla\.m2\repository\com\netflix\ribbon\ribbon-loadbalancer\2.3.0\ribbon-loadbalancer-2.3.0.jar;C:\Users\NamrathaGonuguntla\.m2\repository\com\netflix\netflix-commons\netflix-statistics\0.1.1\netflix-statistics-0.1.1.jar;C:\Users\NamrathaGonuguntla\.m2\repository\io\reactivex\rxjava\1.3.8\rxjava-1.3.8.jar;C:\Users\NamrathaGonuguntla\.m2\repository\com\netflix\ribbon\ribbon-eureka\2.3.0\ribbon-eureka-2.3.0.jar;C:\Users\NamrathaGonuguntla\.m2\repository\com\thoughtworks\xstream\xstream\1.4.10\xstream-1.4.10.jar;C:\Users\NamrathaGonuguntla\.m2\repository\xmlpull\xmlpull\1.1.3.1\xmlpull-1.1.3.1.jar;C:\Users\NamrathaGonuguntla\.m2\repository\xpp3\xpp3_min\1.1.4c\xpp3_min-1.1.4c.jar;C:\Users\NamrathaGonuguntla\.m2\repository\org\springframework\boot\spring-boot-configuration-processor\2.1.2.RELEASE\spring-boot-configuration-processor-2.1.2.RELEASE.jar;C:\Users\NamrathaGonuguntla\.m2\repository\org\springframework\cloud\spring-cloud-starter-config\2.1.0.RELEASE\spring-cloud-starter-config-2.1.0.RELEASE.jar;C:\Users\NamrathaGonuguntla\.m2\repository\org\springframework\cloud\spring-cloud-config-client\2.1.0.RELEASE\spring-cloud-config-client-2.1.0.RELEASE.jar;C:\Users\NamrathaGonuguntla\.m2\repository\com\fasterxml\jackson\core\jackson-databind\2.9.8\jackson-databind-2.9.8.jar;C:\Users\NamrathaGonuguntla\.m2\repository\io\pivotal\spring\cloud\spring-cloud-services-starter-config-client\2.0.3.RELEASE\spring-cloud-services-starter-config-client-2.0.3.RELEASE.jar;C:\Users\NamrathaGonuguntla\.m2\repository\io\pivotal\spring\cloud\spring-cloud-services-cloudfoundry-connector\2.0.3.RELEASE\spring-cloud-services-cloudfoundry-connector-2.0.3.RELEASE.jar;C:\Users\NamrathaGonuguntla\.m2\repository\io\pivotal\spring\cloud\spring-cloud-services-connector-core\2.0.3.RELEASE\spring-cloud-services-connector-core-2.0.3.RELEASE.jar;C:\Users\NamrathaGonuguntla\.m2\repository\org\springframework\cloud\spring-cloud-connectors-core\2.0.4.RELEASE\spring-cloud-connectors-core-2.0.4.RELEASE.jar;C:\Users\NamrathaGonuguntla\.m2\repository\org\springframework\cloud\spring-cloud-cloudfoundry-connector\2.0.4.RELEASE\spring-cloud-cloudfoundry-connector-2.0.4.RELEASE.jar;C:\Users\NamrathaGonuguntla\.m2\repository\io\pivotal\spring\cloud\spring-cloud-services-spring-connector\2.0.3.RELEASE\spring-cloud-services-spring-connector-2.0.3.RELEASE.jar;C:\Users\NamrathaGonuguntla\.m2\repository\org\springframework\cloud\spring-cloud-spring-service-connector\2.0.4.RELEASE\spring-cloud-spring-service-connector-2.0.4.RELEASE.jar;C:\Users\NamrathaGonuguntla\.m2\repository\io\pivotal\spring\cloud\cloudfoundry-certificate-truster\1.0.1.RELEASE\cloudfoundry-certificate-truster-1.0.1.RELEASE.jar;C:\Users\NamrathaGonuguntla\.m2\repository\org\springframework\security\oauth\spring-security-oauth2\2.3.4.RELEASE\spring-security-oauth2-2.3.4.RELEASE.jar;C:\Users\NamrathaGonuguntla\.m2\repository\junit\junit\4.12\junit-4.12.jar;C:\Users\NamrathaGonuguntla\.m2\repository\org\hamcrest\hamcrest-core\1.3\hamcrest-core-1.3.jar;C:\Users\NamrathaGonuguntla\.m2\repository\javax\xml\bind\jaxb-api\2.3.1\jaxb-api-2.3.1.jar;C:\Users\NamrathaGonuguntla\.m2\repository\javax\activation\javax.activation-api\1.2.0\javax.activation-api-1.2.0.jar;C:\Users\NamrathaGonuguntla\.m2\repository\org\apache\commons\commons-lang3\3.8.1\commons-lang3-3.8.1.jar;C:\Users\NamrathaGonuguntla\.m2\repository\org\nhind\xd-common\6.0.1\xd-common-6.0.1.jar;C:\Users\NamrathaGonuguntla\.m2\repository\org\nhind\config-service-client\6.0\config-service-client-6.0.jar;C:\Users\NamrathaGonuguntla\.m2\repository\org\nhind\config-model\6.0\config-model-6.0.jar;C:\Users\NamrathaGonuguntla\.m2\repository\org\apache\commons\commons-collections4\4.2\commons-collections4-4.2.jar;C:\Users\NamrathaGonuguntla\.m2\repository\org\nhind\direct-common\6.0\direct-common-6.0.jar;C:\Users\NamrathaGonuguntla\.m2\repository\org\jdom\jdom\1.1\jdom-1.1.jar;C:\Users\NamrathaGonuguntla\.m2\repository\com\sun\mail\dsn\1.4.3\dsn-1.4.3.jar;C:\Users\NamrathaGonuguntla\.m2\repository\org\apache\commons\commons-text\1.4\commons-text-1.4.jar;C:\Users\NamrathaGonuguntla\.m2\repository\org\apache\mina\mina-core\1.0.9\mina-core-1.0.9.jar;C:\Users\NamrathaGonuguntla\.m2\repository\backport-util-concurrent\backport-util-concurrent\3.0\backport-util-concurrent-3.0.jar;C:\Users\NamrathaGonuguntla\.m2\repository\org\springframework\cloud\spring-cloud-starter-openfeign\2.1.0.RELEASE\spring-cloud-starter-openfeign-2.1.0.RELEASE.jar;C:\Users\NamrathaGonuguntla\.m2\repository\org\springframework\cloud\spring-cloud-openfeign-core\2.1.0.RELEASE\spring-cloud-openfeign-core-2.1.0.RELEASE.jar;C:\Users\NamrathaGonuguntla\.m2\repository\io\github\openfeign\form\feign-form-spring\3.5.0\feign-form-spring-3.5.0.jar;C:\Users\NamrathaGonuguntla\.m2\repository\io\github\openfeign\form\feign-form\3.5.0\feign-form-3.5.0.jar;C:\Users\NamrathaGonuguntla\.m2\repository\io\github\openfeign\feign-core\10.1.0\feign-core-10.1.0.jar;C:\Users\NamrathaGonuguntla\.m2\repository\io\github\openfeign\feign-slf4j\10.1.0\feign-slf4j-10.1.0.jar;C:\Users\NamrathaGonuguntla\.m2\repository\io\github\openfeign\feign-hystrix\10.1.0\feign-hystrix-10.1.0.jar;C:\Users\NamrathaGonuguntla\.m2\repository\commons-io\commons-io\2.6\commons-io-2.6.jar;C:\Users\NamrathaGonuguntla\.m2\repository\javax\mail\mail\1.4.3\mail-1.4.3.jar;C:\Users\NamrathaGonuguntla\.m2\repository\javax\activation\activation\1.1\activation-1.1.jar;C:\Users\NamrathaGonuguntla\.m2\repository\commons-codec\commons-codec\1.11\commons-codec-1.11.jar;C:\Users\NamrathaGonuguntla\.m2\repository\org\nhind\xdmail\6.0\xdmail-6.0.jar;C:\Users\NamrathaGonuguntla\.m2\repository\org\springframework\cloud\spring-cloud-stream\2.1.0.RELEASE\spring-cloud-stream-2.1.0.RELEASE.jar;C:\Users\NamrathaGonuguntla\.m2\repository\org\springframework\boot\spring-boot-starter-validation\2.1.2.RELEASE\spring-boot-starter-validation-2.1.2.RELEASE.jar;C:\Users\NamrathaGonuguntla\.m2\repository\org\springframework\spring-messaging\5.1.4.RELEASE\spring-messaging-5.1.4.RELEASE.jar;C:\Users\NamrathaGonuguntla\.m2\repository\org\springframework\integration\spring-integration-core\5.1.2.RELEASE\spring-integration-core-5.1.2.RELEASE.jar;C:\Users\NamrathaGonuguntla\.m2\repository\org\springframework\spring-tx\5.1.4.RELEASE\spring-tx-5.1.4.RELEASE.jar;C:\Users\NamrathaGonuguntla\.m2\repository\io\projectreactor\reactor-core\3.2.5.RELEASE\reactor-core-3.2.5.RELEASE.jar;C:\Users\NamrathaGonuguntla\.m2\repository\org\reactivestreams\reactive-streams\1.0.2\reactive-streams-1.0.2.jar;C:\Users\NamrathaGonuguntla\.m2\repository\org\springframework\integration\spring-integration-jmx\5.1.2.RELEASE\spring-integration-jmx-5.1.2.RELEASE.jar;C:\Users\NamrathaGonuguntla\.m2\repository\org\springframework\spring-tuple\1.0.0.RELEASE\spring-tuple-1.0.0.RELEASE.jar;C:\Users\NamrathaGonuguntla\.m2\repository\com\esotericsoftware\kryo-shaded\3.0.3\kryo-shaded-3.0.3.jar;C:\Users\NamrathaGonuguntla\.m2\repository\com\esotericsoftware\minlog\1.3.0\minlog-1.3.0.jar;C:\Users\NamrathaGonuguntla\.m2\repository\org\springframework\integration\spring-integration-tuple\1.0.0.RELEASE\spring-integration-tuple-1.0.0.RELEASE.jar;C:\Users\NamrathaGonuguntla\.m2\repository\org\springframework\retry\spring-retry\1.2.3.RELEASE\spring-retry-1.2.3.RELEASE.jar;C:\Users\NamrathaGonuguntla\.m2\repository\org\springframework\cloud\spring-cloud-function-context\2.0.0.RELEASE\spring-cloud-function-context-2.0.0.RELEASE.jar;C:\Users\NamrathaGonuguntla\.m2\repository\org\springframework\cloud\spring-cloud-function-core\2.0.0.RELEASE\spring-cloud-function-core-2.0.0.RELEASE.jar;C:\Users\NamrathaGonuguntla\.m2\repository\org\apache\james\apache-mailet-base\3.1.0\apache-mailet-base-3.1.0.jar;C:\Users\NamrathaGonuguntla\.m2\repository\org\apache\james\apache-mime4j-core\0.8.2\apache-mime4j-core-0.8.2.jar;C:\Users\NamrathaGonuguntla\.m2\repository\org\apache\james\javax-mail-extension\3.1.0\javax-mail-extension-3.1.0.jar;C:\Users\NamrathaGonuguntla\.m2\repository\com\github\steveash\guavate\guavate\1.0.0\guavate-1.0.0.jar;C:\Users\NamrathaGonuguntla\.m2\repository\com\google\guava\guava\19.0\guava-19.0.jar;C:\Users\NamrathaGonuguntla\.m2\repository\com\sun\mail\javax.mail\1.6.2\javax.mail-1.6.2.jar;C:\Users\NamrathaGonuguntla\.m2\repository\org\apache\james\apache-mailet-api\3.1.0\apache-mailet-api-3.1.0.jar;C:\Users\NamrathaGonuguntla\.m2\repository\org\apache\james\james-core\3.1.0\james-core-3.1.0.jar;C:\Users\NamrathaGonuguntla\.m2\repository\org\apache\james\james-server-util-java8\3.1.0\james-server-util-java8-3.1.0.jar;C:\Users\NamrathaGonuguntla\.m2\repository\org\apache\james\james-server-mailets\3.1.0\james-server-mailets-3.1.0.jar;C:\Users\NamrathaGonuguntla\.m2\repository\org\apache\james\apache-james-mailbox-api\3.1.0\apache-james-mailbox-api-3.1.0.jar;C:\Users\NamrathaGonuguntla\.m2\repository\com\github\fge\throwing-lambdas\0.5.0\throwing-lambdas-0.5.0.jar;C:\Users\NamrathaGonuguntla\.m2\repository\org\apache\james\apache-mailet-standard\3.1.0\apache-mailet-standard-3.1.0.jar;C:\Users\NamrathaGonuguntla\.m2\repository\com\rabbitmq\amqp-client\5.4.3\amqp-client-5.4.3.jar;C:\Users\NamrathaGonuguntla\.m2\repository\org\apache\httpcomponents\httpclient-osgi\4.5.6\httpclient-osgi-4.5.6.jar;C:\Users\NamrathaGonuguntla\.m2\repository\org\apache\httpcomponents\httpmime\4.5.6\httpmime-4.5.6.jar;C:\Users\NamrathaGonuguntla\.m2\repository\org\apache\httpcomponents\httpclient-cache\4.5.6\httpclient-cache-4.5.6.jar;C:\Users\NamrathaGonuguntla\.m2\repository\org\apache\httpcomponents\fluent-hc\4.5.6\fluent-hc-4.5.6.jar;C:\Users\NamrathaGonuguntla\.m2\repository\org\apache\james\apache-mime4j-dom\0.8.2\apache-mime4j-dom-0.8.2.jar;C:\Users\NamrathaGonuguntla\.m2\repository\org\apache\james\apache-mime4j-james-utils\0.8.2\apache-mime4j-james-utils-0.8.2.jar;C:\Users\NamrathaGonuguntla\.m2\repository\org\apache\james\james-mdn\3.1.0\james-mdn-3.1.0.jar;C:\Users\NamrathaGonuguntla\.m2\repository\org\parboiled\parboiled-java\1.1.8\parboiled-java-1.1.8.jar;C:\Users\NamrathaGonuguntla\.m2\repository\org\parboiled\parboiled-core\1.1.8\parboiled-core-1.1.8.jar;C:\Users\NamrathaGonuguntla\.m2\repository\org\ow2\asm\asm-tree\5.2\asm-tree-5.2.jar;C:\Users\NamrathaGonuguntla\.m2\repository\org\ow2\asm\asm-analysis\5.2\asm-analysis-5.2.jar;C:\Users\NamrathaGonuguntla\.m2\repository\org\ow2\asm\asm-util\5.2\asm-util-5.2.jar;C:\Users\NamrathaGonuguntla\.m2\repository\org\apache\james\james-server-core\3.1.0\james-server-core-3.1.0.jar;C:\Users\NamrathaGonuguntla\.m2\repository\org\apache\james\james-server-data-api\3.1.0\james-server-data-api-3.1.0.jar;C:\Users\NamrathaGonuguntla\.m2\repository\org\apache\james\james-server-mailrepository-api\3.1.0\james-server-mailrepository-api-3.1.0.jar;C:\Users\NamrathaGonuguntla\.m2\repository\org\apache\james\james-server-data-library\3.1.0\james-server-data-library-3.1.0.jar;C:\Users\NamrathaGonuguntla\.m2\repository\org\apache\james\event-sourcing-core\3.1.0\event-sourcing-core-3.1.0.jar;C:\Users\NamrathaGonuguntla\.m2\repository\org\apache\james\event-sourcing-event-store-api\3.1.0\event-sourcing-event-store-api-3.1.0.jar;C:\Users\NamrathaGonuguntla\.m2\repository\org\apache\james\event-sourcing-pojo\3.1.0\event-sourcing-pojo-3.1.0.jar;C:\Users\NamrathaGonuguntla\.m2\repository\org\apache\james\james-server-dnsservice-api\3.1.0\james-server-dnsservice-api-3.1.0.jar;C:\Users\NamrathaGonuguntla\.m2\repository\org\apache\james\james-server-dnsservice-library\3.1.0\james-server-dnsservice-library-3.1.0.jar;C:\Users\NamrathaGonuguntla\.m2\repository\org\apache\james\james-server-filesystem-api\3.1.0\james-server-filesystem-api-3.1.0.jar;C:\Users\NamrathaGonuguntla\.m2\repository\org\apache\james\james-server-lifecycle-api\3.1.0\james-server-lifecycle-api-3.1.0.jar;C:\Users\NamrathaGonuguntla\.m2\repository\org\apache\james\james-server-queue-api\3.1.0\james-server-queue-api-3.1.0.jar;C:\Users\NamrathaGonuguntla\.m2\repository\org\apache\james\james-server-util\3.1.0\james-server-util-3.1.0.jar;C:\Users\NamrathaGonuguntla\.m2\repository\org\apache\james\metrics-api\3.1.0\metrics-api-3.1.0.jar;C:\Users\NamrathaGonuguntla\.m2\repository\commons-collections\commons-collections\3.2.2\commons-collections-3.2.2.jar;C:\Users\NamrathaGonuguntla\.m2\repository\javax\inject\javax.inject\1\javax.inject-1.jar;C:\Users\NamrathaGonuguntla\.m2\repository\joda-time\joda-time\2.10.1\joda-time-2.10.1.jar;C:\Users\NamrathaGonuguntla\.m2\repository\org\apache\james\jspf\apache-jspf-resolver\1.0.1\apache-jspf-resolver-1.0.1.jar;C:\Users\NamrathaGonuguntla\.m2\repository\org\apache\james\protocols\protocols-managesieve\3.1.0\protocols-managesieve-3.1.0.jar;C:\Users\NamrathaGonuguntla\.m2\repository\org\apache\james\apache-jsieve-core\0.7\apache-jsieve-core-0.7.jar;C:\Users\NamrathaGonuguntla\.m2\repository\org\apache\james\protocols\protocols-smtp\3.1.0\protocols-smtp-3.1.0.jar;C:\Users\NamrathaGonuguntla\.m2\repository\org\apache\james\protocols\protocols-api\3.1.0\protocols-api-3.1.0.jar;C:\Users\NamrathaGonuguntla\.m2\repository\org\apache\james\protocols\protocols-netty\3.1.0\protocols-netty-3.1.0.jar;C:\Users\NamrathaGonuguntla\.m2\repository\ch\qos\logback\logback-core\1.2.3\logback-core-1.2.3.jar;C:\Users\NamrathaGonuguntla\.m2\repository\io\netty\netty\3.10.6.Final\netty-3.10.6.Final.jar;C:\Users\NamrathaGonuguntla\.m2\repository\org\slf4j\jcl-over-slf4j\1.7.25\jcl-over-slf4j-1.7.25.jar;C:\Users\NamrathaGonuguntla\.m2\repository\com\jakewharton\byteunits\byteunits\0.9.1\byteunits-0.9.1.jar;C:\Users\NamrathaGonuguntla\.m2\repository\org\jmock\jmock-junit3\2.5.1\jmock-junit3-2.5.1.jar;C:\Users\NamrathaGonuguntla\.m2\repository\org\jmock\jmock\2.5.1\jmock-2.5.1.jar;C:\Users\NamrathaGonuguntla\.m2\repository\org\hamcrest\hamcrest-library\1.3\hamcrest-library-1.3.jar;C:\Users\NamrathaGonuguntla\.m2\repository\org\jmock\jmock-legacy\2.5.1\jmock-legacy-2.5.1.jar;C:\Users\NamrathaGonuguntla\.m2\repository\org\objenesis\objenesis\1.0\objenesis-1.0.jar;C:\Users\NamrathaGonuguntla\.m2\repository\cglib\cglib-nodep\2.1_3\cglib-nodep-2.1_3.jar;C:\Users\NamrathaGonuguntla\.m2\repository\org\nhind\agent\6.0\agent-6.0.jar;C:\Users\NamrathaGonuguntla\.m2\repository\org\nhind\direct-policy\6.0\direct-policy-6.0.jar;C:\Users\NamrathaGonuguntla\.m2\repository\org\nhind\direct-msg-monitor-model\6.0\direct-msg-monitor-model-6.0.jar;C:\Users\NamrathaGonuguntla\.m2\repository\org\apache\jcs\jcs\1.3\jcs-1.3.jar;C:\Users\NamrathaGonuguntla\.m2\repository\commons-logging\commons-logging\1.1\commons-logging-1.1.jar;C:\Users\NamrathaGonuguntla\.m2\repository\log4j\log4j\1.2.12\log4j-1.2.12.jar;C:\Users\NamrathaGonuguntla\.m2\repository\logkit\logkit\1.0.1\logkit-1.0.1.jar;C:\Users\NamrathaGonuguntla\.m2\repository\avalon-framework\avalon-framework\4.1.3\avalon-framework-4.1.3.jar;C:\Users\NamrathaGonuguntla\.m2\repository\concurrent\concurrent\1.0\concurrent-1.0.jar;C:\Users\NamrathaGonuguntla\.m2\repository\org\bouncycastle\bcprov-jdk15on\1.60\bcprov-jdk15on-1.60.jar;C:\Users\NamrathaGonuguntla\.m2\repository\org\bouncycastle\bcmail-jdk15on\1.60\bcmail-jdk15on-1.60.jar;C:\Users\NamrathaGonuguntla\.m2\repository\org\bouncycastle\bcpkix-jdk15on\1.60\bcpkix-jdk15on-1.60.jar;C:\Users\NamrathaGonuguntla\.m2\repository\dnsjava\dnsjava\2.1.8\dnsjava-2.1.8.jar;C:\Users\NamrathaGonuguntla\.m2\repository\org\nhind\gateway\6.0\gateway-6.0.jar;C:\Users\NamrathaGonuguntla\.m2\repository\org\nhind\direct-common-audit\6.0\direct-common-audit-6.0.jar;C:\Users\NamrathaGonuguntla\.m2\repository\org\springframework\boot\spring-boot-starter-data-jpa\2.1.2.RELEASE\spring-boot-starter-data-jpa-2.1.2.RELEASE.jar;C:\Users\NamrathaGonuguntla\.m2\repository\org\springframework\boot\spring-boot-starter-jdbc\2.1.2.RELEASE\spring-boot-starter-jdbc-2.1.2.RELEASE.jar;C:\Users\NamrathaGonuguntla\.m2\repository\com\zaxxer\HikariCP\3.2.0\HikariCP-3.2.0.jar;C:\Users\NamrathaGonuguntla\.m2\repository\org\springframework\spring-jdbc\5.1.4.RELEASE\spring-jdbc-5.1.4.RELEASE.jar;C:\Users\NamrathaGonuguntla\.m2\repository\javax\transaction\javax.transaction-api\1.3\javax.transaction-api-1.3.jar;C:\Users\NamrathaGonuguntla\.m2\repository\org\springframework\data\spring-data-jpa\2.1.4.RELEASE\spring-data-jpa-2.1.4.RELEASE.jar;C:\Users\NamrathaGonuguntla\.m2\repository\org\springframework\data\spring-data-commons\2.1.4.RELEASE\spring-data-commons-2.1.4.RELEASE.jar;C:\Users\NamrathaGonuguntla\.m2\repository\org\springframework\spring-orm\5.1.4.RELEASE\spring-orm-5.1.4.RELEASE.jar;C:\Users\NamrathaGonuguntla\.m2\repository\org\springframework\spring-aspects\5.1.4.RELEASE\spring-aspects-5.1.4.RELEASE.jar;C:\Users\NamrathaGonuguntla\.m2\repository\org\hibernate\hibernate-core\5.3.7.Final\hibernate-core-5.3.7.Final.jar;C:\Users\NamrathaGonuguntla\.m2\repository\javax\persistence\javax.persistence-api\2.2\javax.persistence-api-2.2.jar;C:\Users\NamrathaGonuguntla\.m2\repository\org\javassist\javassist\3.23.1-GA\javassist-3.23.1-GA.jar;C:\Users\NamrathaGonuguntla\.m2\repository\net\bytebuddy\byte-buddy\1.9.7\byte-buddy-1.9.7.jar;C:\Users\NamrathaGonuguntla\.m2\repository\antlr\antlr\2.7.7\antlr-2.7.7.jar;C:\Users\NamrathaGonuguntla\.m2\repository\org\jboss\spec\javax\transaction\jboss-transaction-api_1.2_spec\1.1.1.Final\jboss-transaction-api_1.2_spec-1.1.1.Final.jar;C:\Users\NamrathaGonuguntla\.m2\repository\org\jboss\jandex\2.0.5.Final\jandex-2.0.5.Final.jar;C:\Users\NamrathaGonuguntla\.m2\repository\org\dom4j\dom4j\2.1.1\dom4j-2.1.1.jar;C:\Users\NamrathaGonuguntla\.m2\repository\org\hibernate\common\hibernate-commons-annotations\5.0.4.Final\hibernate-commons-annotations-5.0.4.Final.jar;C:\Users\NamrathaGonuguntla\.m2\repository\org\hibernate\hibernate-entitymanager\5.3.7.Final\hibernate-entitymanager-5.3.7.Final.jar;C:\Users\NamrathaGonuguntla\.m2\repository\org\nhind\direct-msg-monitor-client\6.0\direct-msg-monitor-client-6.0.jar;C:\Users\NamrathaGonuguntla\.m2\repository\commons-fileupload\commons-fileupload\1.3.3\commons-fileupload-1.3.3.jar;C:\Users\NamrathaGonuguntla\.m2\repository\xalan\xalan\2.7.0\xalan-2.7.0.jar;C:\Users\NamrathaGonuguntla\.m2\repository\xml-apis\xml-apis\1.4.01\xml-apis-1.4.01.jar;"/>
    <property name="java.vm.vendor" value="Oracle Corporation"/>
    <property name="sun.arch.data.model" value="64"/>
    <property name="user.variant" value=""/>
    <property name="java.vendor.url" value="http://java.oracle.com/"/>
    <property name="user.timezone" value="America/New_York"/>
    <property name="java.vm.specification.version" value="1.8"/>
    <property name="os.name" value="Windows 11"/>
    <property name="user.country" value="US"/>
    <property name="sun.java.launcher" value="SUN_STANDARD"/>
    <property name="sun.boot.library.path" value="C:\Program Files\Java\jdk-1.8\jre\bin"/>
    <property name="sun.java.command" value="C:\Users\NAMRAT~1\AppData\Local\Temp\surefire6296315353428988211\surefirebooter5710684579639707216.jar C:\Users\NamrathaGonuguntla\AppData\Local\Temp\surefire6296315353428988211 2024-04-25T20-23-09_532-jvmRun1 surefire5942725040186109646tmp surefire_014437457094361006tmp"/>
    <property name="surefire.test.class.path" value="C:\Work\HISP\Version 6.0\Download-4.17.2024\xd-6.0\xd-6.0\target\test-classes;C:\Work\HISP\Version 6.0\Download-4.17.2024\xd-6.0\xd-6.0\target\classes;C:\Users\NamrathaGonuguntla\.m2\repository\org\apache\cxf\cxf-spring-boot-starter-jaxws\3.2.7\cxf-spring-boot-starter-jaxws-3.2.7.jar;C:\Users\NamrathaGonuguntla\.m2\repository\org\springframework\boot\spring-boot-starter\2.1.2.RELEASE\spring-boot-starter-2.1.2.RELEASE.jar;C:\Users\NamrathaGonuguntla\.m2\repository\org\springframework\boot\spring-boot\2.1.2.RELEASE\spring-boot-2.1.2.RELEASE.jar;C:\Users\NamrathaGonuguntla\.m2\repository\org\springframework\boot\spring-boot-autoconfigure\2.1.2.RELEASE\spring-boot-autoconfigure-2.1.2.RELEASE.jar;C:\Users\NamrathaGonuguntla\.m2\repository\org\springframework\boot\spring-boot-starter-logging\2.1.2.RELEASE\spring-boot-starter-logging-2.1.2.RELEASE.jar;C:\Users\NamrathaGonuguntla\.m2\repository\ch\qos\logback\logback-classic\1.2.3\logback-classic-1.2.3.jar;C:\Users\NamrathaGonuguntla\.m2\repository\org\apache\logging\log4j\log4j-to-slf4j\2.11.1\log4j-to-slf4j-2.11.1.jar;C:\Users\NamrathaGonuguntla\.m2\repository\org\apache\logging\log4j\log4j-api\2.11.1\log4j-api-2.11.1.jar;C:\Users\NamrathaGonuguntla\.m2\repository\org\slf4j\jul-to-slf4j\1.7.25\jul-to-slf4j-1.7.25.jar;C:\Users\NamrathaGonuguntla\.m2\repository\javax\annotation\javax.annotation-api\1.3.2\javax.annotation-api-1.3.2.jar;C:\Users\NamrathaGonuguntla\.m2\repository\org\springframework\spring-core\5.1.4.RELEASE\spring-core-5.1.4.RELEASE.jar;C:\Users\NamrathaGonuguntla\.m2\repository\org\springframework\spring-jcl\5.1.4.RELEASE\spring-jcl-5.1.4.RELEASE.jar;C:\Users\NamrathaGonuguntla\.m2\repository\org\yaml\snakeyaml\1.23\snakeyaml-1.23.jar;C:\Users\NamrathaGonuguntla\.m2\repository\org\springframework\boot\spring-boot-starter-web\2.1.2.RELEASE\spring-boot-starter-web-2.1.2.RELEASE.jar;C:\Users\NamrathaGonuguntla\.m2\repository\org\springframework\boot\spring-boot-starter-json\2.1.2.RELEASE\spring-boot-starter-json-2.1.2.RELEASE.jar;C:\Users\NamrathaGonuguntla\.m2\repository\com\fasterxml\jackson\datatype\jackson-datatype-jdk8\2.9.8\jackson-datatype-jdk8-2.9.8.jar;C:\Users\NamrathaGonuguntla\.m2\repository\com\fasterxml\jackson\datatype\jackson-datatype-jsr310\2.9.8\jackson-datatype-jsr310-2.9.8.jar;C:\Users\NamrathaGonuguntla\.m2\repository\com\fasterxml\jackson\module\jackson-module-parameter-names\2.9.8\jackson-module-parameter-names-2.9.8.jar;C:\Users\NamrathaGonuguntla\.m2\repository\org\springframework\boot\spring-boot-starter-tomcat\2.1.2.RELEASE\spring-boot-starter-tomcat-2.1.2.RELEASE.jar;C:\Users\NamrathaGonuguntla\.m2\repository\org\apache\tomcat\embed\tomcat-embed-core\9.0.14\tomcat-embed-core-9.0.14.jar;C:\Users\NamrathaGonuguntla\.m2\repository\org\apache\tomcat\embed\tomcat-embed-el\9.0.14\tomcat-embed-el-9.0.14.jar;C:\Users\NamrathaGonuguntla\.m2\repository\org\apache\tomcat\embed\tomcat-embed-websocket\9.0.14\tomcat-embed-websocket-9.0.14.jar;C:\Users\NamrathaGonuguntla\.m2\repository\org\hibernate\validator\hibernate-validator\6.0.14.Final\hibernate-validator-6.0.14.Final.jar;C:\Users\NamrathaGonuguntla\.m2\repository\org\jboss\logging\jboss-logging\3.3.2.Final\jboss-logging-3.3.2.Final.jar;C:\Users\NamrathaGonuguntla\.m2\repository\com\fasterxml\classmate\1.4.0\classmate-1.4.0.jar;C:\Users\NamrathaGonuguntla\.m2\repository\org\springframework\spring-web\5.1.4.RELEASE\spring-web-5.1.4.RELEASE.jar;C:\Users\NamrathaGonuguntla\.m2\repository\org\springframework\spring-webmvc\5.1.4.RELEASE\spring-webmvc-5.1.4.RELEASE.jar;C:\Users\NamrathaGonuguntla\.m2\repository\org\apache\cxf\cxf-spring-boot-autoconfigure\3.2.7\cxf-spring-boot-autoconfigure-3.2.7.jar;C:\Users\NamrathaGonuguntla\.m2\repository\javax\validation\validation-api\2.0.1.Final\validation-api-2.0.1.Final.jar;C:\Users\NamrathaGonuguntla\.m2\repository\org\apache\cxf\cxf-rt-bindings-xml\3.2.7\cxf-rt-bindings-xml-3.2.7.jar;C:\Users\NamrathaGonuguntla\.m2\repository\org\apache\cxf\cxf-core\3.2.7\cxf-core-3.2.7.jar;C:\Users\NamrathaGonuguntla\.m2\repository\com\fasterxml\woodstox\woodstox-core\5.0.3\woodstox-core-5.0.3.jar;C:\Users\NamrathaGonuguntla\.m2\repository\org\codehaus\woodstox\stax2-api\3.1.4\stax2-api-3.1.4.jar;C:\Users\NamrathaGonuguntla\.m2\repository\org\apache\ws\xmlschema\xmlschema-core\2.2.3\xmlschema-core-2.2.3.jar;C:\Users\NamrathaGonuguntla\.m2\repository\org\apache\cxf\cxf-rt-bindings-soap\3.2.7\cxf-rt-bindings-soap-3.2.7.jar;C:\Users\NamrathaGonuguntla\.m2\repository\org\apache\cxf\cxf-rt-wsdl\3.2.7\cxf-rt-wsdl-3.2.7.jar;C:\Users\NamrathaGonuguntla\.m2\repository\wsdl4j\wsdl4j\1.6.3\wsdl4j-1.6.3.jar;C:\Users\NamrathaGonuguntla\.m2\repository\org\apache\cxf\cxf-rt-databinding-jaxb\3.2.7\cxf-rt-databinding-jaxb-3.2.7.jar;C:\Users\NamrathaGonuguntla\.m2\repository\org\apache\cxf\cxf-rt-frontend-jaxws\3.2.7\cxf-rt-frontend-jaxws-3.2.7.jar;C:\Users\NamrathaGonuguntla\.m2\repository\xml-resolver\xml-resolver\1.2\xml-resolver-1.2.jar;C:\Users\NamrathaGonuguntla\.m2\repository\org\ow2\asm\asm\5.2\asm-5.2.jar;C:\Users\NamrathaGonuguntla\.m2\repository\org\apache\cxf\cxf-rt-frontend-simple\3.2.7\cxf-rt-frontend-simple-3.2.7.jar;C:\Users\NamrathaGonuguntla\.m2\repository\org\apache\cxf\cxf-rt-ws-addr\3.2.7\cxf-rt-ws-addr-3.2.7.jar;C:\Users\NamrathaGonuguntla\.m2\repository\org\apache\cxf\cxf-rt-ws-policy\3.2.7\cxf-rt-ws-policy-3.2.7.jar;C:\Users\NamrathaGonuguntla\.m2\repository\org\apache\neethi\neethi\3.1.1\neethi-3.1.1.jar;C:\Users\NamrathaGonuguntla\.m2\repository\org\apache\cxf\cxf-rt-transports-http\3.2.7\cxf-rt-transports-http-3.2.7.jar;C:\Users\NamrathaGonuguntla\.m2\repository\org\apache\cxf\cxf-rt-transports-http-jetty\3.2.7\cxf-rt-transports-http-jetty-3.2.7.jar;C:\Users\NamrathaGonuguntla\.m2\repository\org\eclipse\jetty\jetty-server\9.4.14.v20181114\jetty-server-9.4.14.v20181114.jar;C:\Users\NamrathaGonuguntla\.m2\repository\javax\servlet\javax.servlet-api\4.0.1\javax.servlet-api-4.0.1.jar;C:\Users\NamrathaGonuguntla\.m2\repository\org\eclipse\jetty\jetty-util\9.4.14.v20181114\jetty-util-9.4.14.v20181114.jar;C:\Users\NamrathaGonuguntla\.m2\repository\org\eclipse\jetty\jetty-io\9.4.14.v20181114\jetty-io-9.4.14.v20181114.jar;C:\Users\NamrathaGonuguntla\.m2\repository\org\eclipse\jetty\jetty-security\9.4.14.v20181114\jetty-security-9.4.14.v20181114.jar;C:\Users\NamrathaGonuguntla\.m2\repository\org\eclipse\jetty\jetty-continuation\9.4.14.v20181114\jetty-continuation-9.4.14.v20181114.jar;C:\Users\NamrathaGonuguntla\.m2\repository\org\eclipse\jetty\jetty-http\9.4.14.v20181114\jetty-http-9.4.14.v20181114.jar;C:\Users\NamrathaGonuguntla\.m2\repository\org\slf4j\slf4j-api\1.7.25\slf4j-api-1.7.25.jar;C:\Users\NamrathaGonuguntla\.m2\repository\org\springframework\boot\spring-boot-starter-security\2.1.2.RELEASE\spring-boot-starter-security-2.1.2.RELEASE.jar;C:\Users\NamrathaGonuguntla\.m2\repository\org\springframework\spring-aop\5.1.4.RELEASE\spring-aop-5.1.4.RELEASE.jar;C:\Users\NamrathaGonuguntla\.m2\repository\org\springframework\spring-beans\5.1.4.RELEASE\spring-beans-5.1.4.RELEASE.jar;C:\Users\NamrathaGonuguntla\.m2\repository\org\springframework\security\spring-security-config\5.1.3.RELEASE\spring-security-config-5.1.3.RELEASE.jar;C:\Users\NamrathaGonuguntla\.m2\repository\org\springframework\security\spring-security-core\5.1.3.RELEASE\spring-security-core-5.1.3.RELEASE.jar;C:\Users\NamrathaGonuguntla\.m2\repository\org\springframework\spring-context\5.1.4.RELEASE\spring-context-5.1.4.RELEASE.jar;C:\Users\NamrathaGonuguntla\.m2\repository\org\springframework\security\spring-security-web\5.1.3.RELEASE\spring-security-web-5.1.3.RELEASE.jar;C:\Users\NamrathaGonuguntla\.m2\repository\org\springframework\spring-expression\5.1.4.RELEASE\spring-expression-5.1.4.RELEASE.jar;C:\Users\NamrathaGonuguntla\.m2\repository\org\springframework\cloud\spring-cloud-starter-netflix-eureka-client\2.1.0.RELEASE\spring-cloud-starter-netflix-eureka-client-2.1.0.RELEASE.jar;C:\Users\NamrathaGonuguntla\.m2\repository\org\springframework\cloud\spring-cloud-starter\2.1.0.RELEASE\spring-cloud-starter-2.1.0.RELEASE.jar;C:\Users\NamrathaGonuguntla\.m2\repository\org\springframework\cloud\spring-cloud-context\2.1.0.RELEASE\spring-cloud-context-2.1.0.RELEASE.jar;C:\Users\NamrathaGonuguntla\.m2\repository\org\springframework\security\spring-security-crypto\5.1.3.RELEASE\spring-security-crypto-5.1.3.RELEASE.jar;C:\Users\NamrathaGonuguntla\.m2\repository\org\springframework\cloud\spring-cloud-commons\2.1.0.RELEASE\spring-cloud-commons-2.1.0.RELEASE.jar;C:\Users\NamrathaGonuguntla\.m2\repository\org\springframework\security\spring-security-rsa\1.0.7.RELEASE\spring-security-rsa-1.0.7.RELEASE.jar;C:\Users\NamrathaGonuguntla\.m2\repository\org\springframework\cloud\spring-cloud-netflix-hystrix\2.1.0.RELEASE\spring-cloud-netflix-hystrix-2.1.0.RELEASE.jar;C:\Users\NamrathaGonuguntla\.m2\repository\org\springframework\boot\spring-boot-starter-aop\2.1.2.RELEASE\spring-boot-starter-aop-2.1.2.RELEASE.jar;C:\Users\NamrathaGonuguntla\.m2\repository\org\aspectj\aspectjweaver\1.9.2\aspectjweaver-1.9.2.jar;C:\Users\NamrathaGonuguntla\.m2\repository\org\springframework\cloud\spring-cloud-netflix-eureka-client\2.1.0.RELEASE\spring-cloud-netflix-eureka-client-2.1.0.RELEASE.jar;C:\Users\NamrathaGonuguntla\.m2\repository\com\netflix\eureka\eureka-client\1.9.8\eureka-client-1.9.8.jar;C:\Users\NamrathaGonuguntla\.m2\repository\org\codehaus\jettison\jettison\1.3.7\jettison-1.3.7.jar;C:\Users\NamrathaGonuguntla\.m2\repository\stax\stax-api\1.0.1\stax-api-1.0.1.jar;C:\Users\NamrathaGonuguntla\.m2\repository\com\netflix\netflix-commons\netflix-eventbus\0.3.0\netflix-eventbus-0.3.0.jar;C:\Users\NamrathaGonuguntla\.m2\repository\com\netflix\netflix-commons\netflix-infix\0.3.0\netflix-infix-0.3.0.jar;C:\Users\NamrathaGonuguntla\.m2\repository\commons-jxpath\commons-jxpath\1.3\commons-jxpath-1.3.jar;C:\Users\NamrathaGonuguntla\.m2\repository\org\antlr\antlr-runtime\3.4\antlr-runtime-3.4.jar;C:\Users\NamrathaGonuguntla\.m2\repository\org\antlr\stringtemplate\3.2.1\stringtemplate-3.2.1.jar;C:\Users\NamrathaGonuguntla\.m2\repository\com\google\code\gson\gson\2.8.5\gson-2.8.5.jar;C:\Users\NamrathaGonuguntla\.m2\repository\org\apache\commons\commons-math\2.2\commons-math-2.2.jar;C:\Users\NamrathaGonuguntla\.m2\repository\com\netflix\archaius\archaius-core\0.7.6\archaius-core-0.7.6.jar;C:\Users\NamrathaGonuguntla\.m2\repository\javax\ws\rs\jsr311-api\1.1.1\jsr311-api-1.1.1.jar;C:\Users\NamrathaGonuguntla\.m2\repository\com\netflix\servo\servo-core\0.12.21\servo-core-0.12.21.jar;C:\Users\NamrathaGonuguntla\.m2\repository\com\sun\jersey\jersey-core\1.19.1\jersey-core-1.19.1.jar;C:\Users\NamrathaGonuguntla\.m2\repository\com\sun\jersey\jersey-client\1.19.1\jersey-client-1.19.1.jar;C:\Users\NamrathaGonuguntla\.m2\repository\com\sun\jersey\contribs\jersey-apache-client4\1.19.1\jersey-apache-client4-1.19.1.jar;C:\Users\NamrathaGonuguntla\.m2\repository\org\apache\httpcomponents\httpclient\4.5.6\httpclient-4.5.6.jar;C:\Users\NamrathaGonuguntla\.m2\repository\org\apache\httpcomponents\httpcore\4.4.10\httpcore-4.4.10.jar;C:\Users\NamrathaGonuguntla\.m2\repository\com\google\inject\guice\4.1.0\guice-4.1.0.jar;C:\Users\NamrathaGonuguntla\.m2\repository\aopalliance\aopalliance\1.0\aopalliance-1.0.jar;C:\Users\NamrathaGonuguntla\.m2\repository\com\github\vlsi\compactmap\compactmap\1.2.1\compactmap-1.2.1.jar;C:\Users\NamrathaGonuguntla\.m2\repository\com\github\andrewoma\dexx\dexx-collections\0.2\dexx-collections-0.2.jar;C:\Users\NamrathaGonuguntla\.m2\repository\com\fasterxml\jackson\core\jackson-annotations\2.9.0\jackson-annotations-2.9.0.jar;C:\Users\NamrathaGonuguntla\.m2\repository\com\fasterxml\jackson\core\jackson-core\2.9.8\jackson-core-2.9.8.jar;C:\Users\NamrathaGonuguntla\.m2\repository\com\netflix\eureka\eureka-core\1.9.8\eureka-core-1.9.8.jar;C:\Users\NamrathaGonuguntla\.m2\repository\org\codehaus\woodstox\woodstox-core-asl\4.4.1\woodstox-core-asl-4.4.1.jar;C:\Users\NamrathaGonuguntla\.m2\repository\javax\xml\stream\stax-api\1.0-2\stax-api-1.0-2.jar;C:\Users\NamrathaGonuguntla\.m2\repository\org\springframework\cloud\spring-cloud-starter-netflix-archaius\2.1.0.RELEASE\spring-cloud-starter-netflix-archaius-2.1.0.RELEASE.jar;C:\Users\NamrathaGonuguntla\.m2\repository\org\springframework\cloud\spring-cloud-netflix-ribbon\2.1.0.RELEASE\spring-cloud-netflix-ribbon-2.1.0.RELEASE.jar;C:\Users\NamrathaGonuguntla\.m2\repository\org\springframework\cloud\spring-cloud-netflix-archaius\2.1.0.RELEASE\spring-cloud-netflix-archaius-2.1.0.RELEASE.jar;C:\Users\NamrathaGonuguntla\.m2\repository\commons-configuration\commons-configuration\1.8\commons-configuration-1.8.jar;C:\Users\NamrathaGonuguntla\.m2\repository\commons-lang\commons-lang\2.6\commons-lang-2.6.jar;C:\Users\NamrathaGonuguntla\.m2\repository\org\springframework\cloud\spring-cloud-starter-netflix-ribbon\2.1.0.RELEASE\spring-cloud-starter-netflix-ribbon-2.1.0.RELEASE.jar;C:\Users\NamrathaGonuguntla\.m2\repository\com\netflix\ribbon\ribbon\2.3.0\ribbon-2.3.0.jar;C:\Users\NamrathaGonuguntla\.m2\repository\com\netflix\ribbon\ribbon-transport\2.3.0\ribbon-transport-2.3.0.jar;C:\Users\NamrathaGonuguntla\.m2\repository\io\reactivex\rxnetty-contexts\0.4.9\rxnetty-contexts-0.4.9.jar;C:\Users\NamrathaGonuguntla\.m2\repository\io\reactivex\rxnetty-servo\0.4.9\rxnetty-servo-0.4.9.jar;C:\Users\NamrathaGonuguntla\.m2\repository\com\netflix\hystrix\hystrix-core\1.5.18\hystrix-core-1.5.18.jar;C:\Users\NamrathaGonuguntla\.m2\repository\org\hdrhistogram\HdrHistogram\2.1.9\HdrHistogram-2.1.9.jar;C:\Users\NamrathaGonuguntla\.m2\repository\io\reactivex\rxnetty\0.4.9\rxnetty-0.4.9.jar;C:\Users\NamrathaGonuguntla\.m2\repository\com\netflix\ribbon\ribbon-core\2.3.0\ribbon-core-2.3.0.jar;C:\Users\NamrathaGonuguntla\.m2\repository\com\netflix\ribbon\ribbon-httpclient\2.3.0\ribbon-httpclient-2.3.0.jar;C:\Users\NamrathaGonuguntla\.m2\repository\com\netflix\netflix-commons\netflix-commons-util\0.3.0\netflix-commons-util-0.3.0.jar;C:\Users\NamrathaGonuguntla\.m2\repository\com\netflix\ribbon\ribbon-loadbalancer\2.3.0\ribbon-loadbalancer-2.3.0.jar;C:\Users\NamrathaGonuguntla\.m2\repository\com\netflix\netflix-commons\netflix-statistics\0.1.1\netflix-statistics-0.1.1.jar;C:\Users\NamrathaGonuguntla\.m2\repository\io\reactivex\rxjava\1.3.8\rxjava-1.3.8.jar;C:\Users\NamrathaGonuguntla\.m2\repository\com\netflix\ribbon\ribbon-eureka\2.3.0\ribbon-eureka-2.3.0.jar;C:\Users\NamrathaGonuguntla\.m2\repository\com\thoughtworks\xstream\xstream\1.4.10\xstream-1.4.10.jar;C:\Users\NamrathaGonuguntla\.m2\repository\xmlpull\xmlpull\1.1.3.1\xmlpull-1.1.3.1.jar;C:\Users\NamrathaGonuguntla\.m2\repository\xpp3\xpp3_min\1.1.4c\xpp3_min-1.1.4c.jar;C:\Users\NamrathaGonuguntla\.m2\repository\org\springframework\boot\spring-boot-configuration-processor\2.1.2.RELEASE\spring-boot-configuration-processor-2.1.2.RELEASE.jar;C:\Users\NamrathaGonuguntla\.m2\repository\org\springframework\cloud\spring-cloud-starter-config\2.1.0.RELEASE\spring-cloud-starter-config-2.1.0.RELEASE.jar;C:\Users\NamrathaGonuguntla\.m2\repository\org\springframework\cloud\spring-cloud-config-client\2.1.0.RELEASE\spring-cloud-config-client-2.1.0.RELEASE.jar;C:\Users\NamrathaGonuguntla\.m2\repository\com\fasterxml\jackson\core\jackson-databind\2.9.8\jackson-databind-2.9.8.jar;C:\Users\NamrathaGonuguntla\.m2\repository\io\pivotal\spring\cloud\spring-cloud-services-starter-config-client\2.0.3.RELEASE\spring-cloud-services-starter-config-client-2.0.3.RELEASE.jar;C:\Users\NamrathaGonuguntla\.m2\repository\io\pivotal\spring\cloud\spring-cloud-services-cloudfoundry-connector\2.0.3.RELEASE\spring-cloud-services-cloudfoundry-connector-2.0.3.RELEASE.jar;C:\Users\NamrathaGonuguntla\.m2\repository\io\pivotal\spring\cloud\spring-cloud-services-connector-core\2.0.3.RELEASE\spring-cloud-services-connector-core-2.0.3.RELEASE.jar;C:\Users\NamrathaGonuguntla\.m2\repository\org\springframework\cloud\spring-cloud-connectors-core\2.0.4.RELEASE\spring-cloud-connectors-core-2.0.4.RELEASE.jar;C:\Users\NamrathaGonuguntla\.m2\repository\org\springframework\cloud\spring-cloud-cloudfoundry-connector\2.0.4.RELEASE\spring-cloud-cloudfoundry-connector-2.0.4.RELEASE.jar;C:\Users\NamrathaGonuguntla\.m2\repository\io\pivotal\spring\cloud\spring-cloud-services-spring-connector\2.0.3.RELEASE\spring-cloud-services-spring-connector-2.0.3.RELEASE.jar;C:\Users\NamrathaGonuguntla\.m2\repository\org\springframework\cloud\spring-cloud-spring-service-connector\2.0.4.RELEASE\spring-cloud-spring-service-connector-2.0.4.RELEASE.jar;C:\Users\NamrathaGonuguntla\.m2\repository\io\pivotal\spring\cloud\cloudfoundry-certificate-truster\1.0.1.RELEASE\cloudfoundry-certificate-truster-1.0.1.RELEASE.jar;C:\Users\NamrathaGonuguntla\.m2\repository\org\springframework\security\oauth\spring-security-oauth2\2.3.4.RELEASE\spring-security-oauth2-2.3.4.RELEASE.jar;C:\Users\NamrathaGonuguntla\.m2\repository\junit\junit\4.12\junit-4.12.jar;C:\Users\NamrathaGonuguntla\.m2\repository\org\hamcrest\hamcrest-core\1.3\hamcrest-core-1.3.jar;C:\Users\NamrathaGonuguntla\.m2\repository\javax\xml\bind\jaxb-api\2.3.1\jaxb-api-2.3.1.jar;C:\Users\NamrathaGonuguntla\.m2\repository\javax\activation\javax.activation-api\1.2.0\javax.activation-api-1.2.0.jar;C:\Users\NamrathaGonuguntla\.m2\repository\org\apache\commons\commons-lang3\3.8.1\commons-lang3-3.8.1.jar;C:\Users\NamrathaGonuguntla\.m2\repository\org\nhind\xd-common\6.0.1\xd-common-6.0.1.jar;C:\Users\NamrathaGonuguntla\.m2\repository\org\nhind\config-service-client\6.0\config-service-client-6.0.jar;C:\Users\NamrathaGonuguntla\.m2\repository\org\nhind\config-model\6.0\config-model-6.0.jar;C:\Users\NamrathaGonuguntla\.m2\repository\org\apache\commons\commons-collections4\4.2\commons-collections4-4.2.jar;C:\Users\NamrathaGonuguntla\.m2\repository\org\nhind\direct-common\6.0\direct-common-6.0.jar;C:\Users\NamrathaGonuguntla\.m2\repository\org\jdom\jdom\1.1\jdom-1.1.jar;C:\Users\NamrathaGonuguntla\.m2\repository\com\sun\mail\dsn\1.4.3\dsn-1.4.3.jar;C:\Users\NamrathaGonuguntla\.m2\repository\org\apache\commons\commons-text\1.4\commons-text-1.4.jar;C:\Users\NamrathaGonuguntla\.m2\repository\org\apache\mina\mina-core\1.0.9\mina-core-1.0.9.jar;C:\Users\NamrathaGonuguntla\.m2\repository\backport-util-concurrent\backport-util-concurrent\3.0\backport-util-concurrent-3.0.jar;C:\Users\NamrathaGonuguntla\.m2\repository\org\springframework\cloud\spring-cloud-starter-openfeign\2.1.0.RELEASE\spring-cloud-starter-openfeign-2.1.0.RELEASE.jar;C:\Users\NamrathaGonuguntla\.m2\repository\org\springframework\cloud\spring-cloud-openfeign-core\2.1.0.RELEASE\spring-cloud-openfeign-core-2.1.0.RELEASE.jar;C:\Users\NamrathaGonuguntla\.m2\repository\io\github\openfeign\form\feign-form-spring\3.5.0\feign-form-spring-3.5.0.jar;C:\Users\NamrathaGonuguntla\.m2\repository\io\github\openfeign\form\feign-form\3.5.0\feign-form-3.5.0.jar;C:\Users\NamrathaGonuguntla\.m2\repository\io\github\openfeign\feign-core\10.1.0\feign-core-10.1.0.jar;C:\Users\NamrathaGonuguntla\.m2\repository\io\github\openfeign\feign-slf4j\10.1.0\feign-slf4j-10.1.0.jar;C:\Users\NamrathaGonuguntla\.m2\repository\io\github\openfeign\feign-hystrix\10.1.0\feign-hystrix-10.1.0.jar;C:\Users\NamrathaGonuguntla\.m2\repository\commons-io\commons-io\2.6\commons-io-2.6.jar;C:\Users\NamrathaGonuguntla\.m2\repository\javax\mail\mail\1.4.3\mail-1.4.3.jar;C:\Users\NamrathaGonuguntla\.m2\repository\javax\activation\activation\1.1\activation-1.1.jar;C:\Users\NamrathaGonuguntla\.m2\repository\commons-codec\commons-codec\1.11\commons-codec-1.11.jar;C:\Users\NamrathaGonuguntla\.m2\repository\org\nhind\xdmail\6.0\xdmail-6.0.jar;C:\Users\NamrathaGonuguntla\.m2\repository\org\springframework\cloud\spring-cloud-stream\2.1.0.RELEASE\spring-cloud-stream-2.1.0.RELEASE.jar;C:\Users\NamrathaGonuguntla\.m2\repository\org\springframework\boot\spring-boot-starter-validation\2.1.2.RELEASE\spring-boot-starter-validation-2.1.2.RELEASE.jar;C:\Users\NamrathaGonuguntla\.m2\repository\org\springframework\spring-messaging\5.1.4.RELEASE\spring-messaging-5.1.4.RELEASE.jar;C:\Users\NamrathaGonuguntla\.m2\repository\org\springframework\integration\spring-integration-core\5.1.2.RELEASE\spring-integration-core-5.1.2.RELEASE.jar;C:\Users\NamrathaGonuguntla\.m2\repository\org\springframework\spring-tx\5.1.4.RELEASE\spring-tx-5.1.4.RELEASE.jar;C:\Users\NamrathaGonuguntla\.m2\repository\io\projectreactor\reactor-core\3.2.5.RELEASE\reactor-core-3.2.5.RELEASE.jar;C:\Users\NamrathaGonuguntla\.m2\repository\org\reactivestreams\reactive-streams\1.0.2\reactive-streams-1.0.2.jar;C:\Users\NamrathaGonuguntla\.m2\repository\org\springframework\integration\spring-integration-jmx\5.1.2.RELEASE\spring-integration-jmx-5.1.2.RELEASE.jar;C:\Users\NamrathaGonuguntla\.m2\repository\org\springframework\spring-tuple\1.0.0.RELEASE\spring-tuple-1.0.0.RELEASE.jar;C:\Users\NamrathaGonuguntla\.m2\repository\com\esotericsoftware\kryo-shaded\3.0.3\kryo-shaded-3.0.3.jar;C:\Users\NamrathaGonuguntla\.m2\repository\com\esotericsoftware\minlog\1.3.0\minlog-1.3.0.jar;C:\Users\NamrathaGonuguntla\.m2\repository\org\springframework\integration\spring-integration-tuple\1.0.0.RELEASE\spring-integration-tuple-1.0.0.RELEASE.jar;C:\Users\NamrathaGonuguntla\.m2\repository\org\springframework\retry\spring-retry\1.2.3.RELEASE\spring-retry-1.2.3.RELEASE.jar;C:\Users\NamrathaGonuguntla\.m2\repository\org\springframework\cloud\spring-cloud-function-context\2.0.0.RELEASE\spring-cloud-function-context-2.0.0.RELEASE.jar;C:\Users\NamrathaGonuguntla\.m2\repository\org\springframework\cloud\spring-cloud-function-core\2.0.0.RELEASE\spring-cloud-function-core-2.0.0.RELEASE.jar;C:\Users\NamrathaGonuguntla\.m2\repository\org\apache\james\apache-mailet-base\3.1.0\apache-mailet-base-3.1.0.jar;C:\Users\NamrathaGonuguntla\.m2\repository\org\apache\james\apache-mime4j-core\0.8.2\apache-mime4j-core-0.8.2.jar;C:\Users\NamrathaGonuguntla\.m2\repository\org\apache\james\javax-mail-extension\3.1.0\javax-mail-extension-3.1.0.jar;C:\Users\NamrathaGonuguntla\.m2\repository\com\github\steveash\guavate\guavate\1.0.0\guavate-1.0.0.jar;C:\Users\NamrathaGonuguntla\.m2\repository\com\google\guava\guava\19.0\guava-19.0.jar;C:\Users\NamrathaGonuguntla\.m2\repository\com\sun\mail\javax.mail\1.6.2\javax.mail-1.6.2.jar;C:\Users\NamrathaGonuguntla\.m2\repository\org\apache\james\apache-mailet-api\3.1.0\apache-mailet-api-3.1.0.jar;C:\Users\NamrathaGonuguntla\.m2\repository\org\apache\james\james-core\3.1.0\james-core-3.1.0.jar;C:\Users\NamrathaGonuguntla\.m2\repository\org\apache\james\james-server-util-java8\3.1.0\james-server-util-java8-3.1.0.jar;C:\Users\NamrathaGonuguntla\.m2\repository\org\apache\james\james-server-mailets\3.1.0\james-server-mailets-3.1.0.jar;C:\Users\NamrathaGonuguntla\.m2\repository\org\apache\james\apache-james-mailbox-api\3.1.0\apache-james-mailbox-api-3.1.0.jar;C:\Users\NamrathaGonuguntla\.m2\repository\com\github\fge\throwing-lambdas\0.5.0\throwing-lambdas-0.5.0.jar;C:\Users\NamrathaGonuguntla\.m2\repository\org\apache\james\apache-mailet-standard\3.1.0\apache-mailet-standard-3.1.0.jar;C:\Users\NamrathaGonuguntla\.m2\repository\com\rabbitmq\amqp-client\5.4.3\amqp-client-5.4.3.jar;C:\Users\NamrathaGonuguntla\.m2\repository\org\apache\httpcomponents\httpclient-osgi\4.5.6\httpclient-osgi-4.5.6.jar;C:\Users\NamrathaGonuguntla\.m2\repository\org\apache\httpcomponents\httpmime\4.5.6\httpmime-4.5.6.jar;C:\Users\NamrathaGonuguntla\.m2\repository\org\apache\httpcomponents\httpclient-cache\4.5.6\httpclient-cache-4.5.6.jar;C:\Users\NamrathaGonuguntla\.m2\repository\org\apache\httpcomponents\fluent-hc\4.5.6\fluent-hc-4.5.6.jar;C:\Users\NamrathaGonuguntla\.m2\repository\org\apache\james\apache-mime4j-dom\0.8.2\apache-mime4j-dom-0.8.2.jar;C:\Users\NamrathaGonuguntla\.m2\repository\org\apache\james\apache-mime4j-james-utils\0.8.2\apache-mime4j-james-utils-0.8.2.jar;C:\Users\NamrathaGonuguntla\.m2\repository\org\apache\james\james-mdn\3.1.0\james-mdn-3.1.0.jar;C:\Users\NamrathaGonuguntla\.m2\repository\org\parboiled\parboiled-java\1.1.8\parboiled-java-1.1.8.jar;C:\Users\NamrathaGonuguntla\.m2\repository\org\parboiled\parboiled-core\1.1.8\parboiled-core-1.1.8.jar;C:\Users\NamrathaGonuguntla\.m2\repository\org\ow2\asm\asm-tree\5.2\asm-tree-5.2.jar;C:\Users\NamrathaGonuguntla\.m2\repository\org\ow2\asm\asm-analysis\5.2\asm-analysis-5.2.jar;C:\Users\NamrathaGonuguntla\.m2\repository\org\ow2\asm\asm-util\5.2\asm-util-5.2.jar;C:\Users\NamrathaGonuguntla\.m2\repository\org\apache\james\james-server-core\3.1.0\james-server-core-3.1.0.jar;C:\Users\NamrathaGonuguntla\.m2\repository\org\apache\james\james-server-data-api\3.1.0\james-server-data-api-3.1.0.jar;C:\Users\NamrathaGonuguntla\.m2\repository\org\apache\james\james-server-mailrepository-api\3.1.0\james-server-mailrepository-api-3.1.0.jar;C:\Users\NamrathaGonuguntla\.m2\repository\org\apache\james\james-server-data-library\3.1.0\james-server-data-library-3.1.0.jar;C:\Users\NamrathaGonuguntla\.m2\repository\org\apache\james\event-sourcing-core\3.1.0\event-sourcing-core-3.1.0.jar;C:\Users\NamrathaGonuguntla\.m2\repository\org\apache\james\event-sourcing-event-store-api\3.1.0\event-sourcing-event-store-api-3.1.0.jar;C:\Users\NamrathaGonuguntla\.m2\repository\org\apache\james\event-sourcing-pojo\3.1.0\event-sourcing-pojo-3.1.0.jar;C:\Users\NamrathaGonuguntla\.m2\repository\org\apache\james\james-server-dnsservice-api\3.1.0\james-server-dnsservice-api-3.1.0.jar;C:\Users\NamrathaGonuguntla\.m2\repository\org\apache\james\james-server-dnsservice-library\3.1.0\james-server-dnsservice-library-3.1.0.jar;C:\Users\NamrathaGonuguntla\.m2\repository\org\apache\james\james-server-filesystem-api\3.1.0\james-server-filesystem-api-3.1.0.jar;C:\Users\NamrathaGonuguntla\.m2\repository\org\apache\james\james-server-lifecycle-api\3.1.0\james-server-lifecycle-api-3.1.0.jar;C:\Users\NamrathaGonuguntla\.m2\repository\org\apache\james\james-server-queue-api\3.1.0\james-server-queue-api-3.1.0.jar;C:\Users\NamrathaGonuguntla\.m2\repository\org\apache\james\james-server-util\3.1.0\james-server-util-3.1.0.jar;C:\Users\NamrathaGonuguntla\.m2\repository\org\apache\james\metrics-api\3.1.0\metrics-api-3.1.0.jar;C:\Users\NamrathaGonuguntla\.m2\repository\commons-collections\commons-collections\3.2.2\commons-collections-3.2.2.jar;C:\Users\NamrathaGonuguntla\.m2\repository\javax\inject\javax.inject\1\javax.inject-1.jar;C:\Users\NamrathaGonuguntla\.m2\repository\joda-time\joda-time\2.10.1\joda-time-2.10.1.jar;C:\Users\NamrathaGonuguntla\.m2\repository\org\apache\james\jspf\apache-jspf-resolver\1.0.1\apache-jspf-resolver-1.0.1.jar;C:\Users\NamrathaGonuguntla\.m2\repository\org\apache\james\protocols\protocols-managesieve\3.1.0\protocols-managesieve-3.1.0.jar;C:\Users\NamrathaGonuguntla\.m2\repository\org\apache\james\apache-jsieve-core\0.7\apache-jsieve-core-0.7.jar;C:\Users\NamrathaGonuguntla\.m2\repository\org\apache\james\protocols\protocols-smtp\3.1.0\protocols-smtp-3.1.0.jar;C:\Users\NamrathaGonuguntla\.m2\repository\org\apache\james\protocols\protocols-api\3.1.0\protocols-api-3.1.0.jar;C:\Users\NamrathaGonuguntla\.m2\repository\org\apache\james\protocols\protocols-netty\3.1.0\protocols-netty-3.1.0.jar;C:\Users\NamrathaGonuguntla\.m2\repository\ch\qos\logback\logback-core\1.2.3\logback-core-1.2.3.jar;C:\Users\NamrathaGonuguntla\.m2\repository\io\netty\netty\3.10.6.Final\netty-3.10.6.Final.jar;C:\Users\NamrathaGonuguntla\.m2\repository\org\slf4j\jcl-over-slf4j\1.7.25\jcl-over-slf4j-1.7.25.jar;C:\Users\NamrathaGonuguntla\.m2\repository\com\jakewharton\byteunits\byteunits\0.9.1\byteunits-0.9.1.jar;C:\Users\NamrathaGonuguntla\.m2\repository\org\jmock\jmock-junit3\2.5.1\jmock-junit3-2.5.1.jar;C:\Users\NamrathaGonuguntla\.m2\repository\org\jmock\jmock\2.5.1\jmock-2.5.1.jar;C:\Users\NamrathaGonuguntla\.m2\repository\org\hamcrest\hamcrest-library\1.3\hamcrest-library-1.3.jar;C:\Users\NamrathaGonuguntla\.m2\repository\org\jmock\jmock-legacy\2.5.1\jmock-legacy-2.5.1.jar;C:\Users\NamrathaGonuguntla\.m2\repository\org\objenesis\objenesis\1.0\objenesis-1.0.jar;C:\Users\NamrathaGonuguntla\.m2\repository\cglib\cglib-nodep\2.1_3\cglib-nodep-2.1_3.jar;C:\Users\NamrathaGonuguntla\.m2\repository\org\nhind\agent\6.0\agent-6.0.jar;C:\Users\NamrathaGonuguntla\.m2\repository\org\nhind\direct-policy\6.0\direct-policy-6.0.jar;C:\Users\NamrathaGonuguntla\.m2\repository\org\nhind\direct-msg-monitor-model\6.0\direct-msg-monitor-model-6.0.jar;C:\Users\NamrathaGonuguntla\.m2\repository\org\apache\jcs\jcs\1.3\jcs-1.3.jar;C:\Users\NamrathaGonuguntla\.m2\repository\commons-logging\commons-logging\1.1\commons-logging-1.1.jar;C:\Users\NamrathaGonuguntla\.m2\repository\log4j\log4j\1.2.12\log4j-1.2.12.jar;C:\Users\NamrathaGonuguntla\.m2\repository\logkit\logkit\1.0.1\logkit-1.0.1.jar;C:\Users\NamrathaGonuguntla\.m2\repository\avalon-framework\avalon-framework\4.1.3\avalon-framework-4.1.3.jar;C:\Users\NamrathaGonuguntla\.m2\repository\concurrent\concurrent\1.0\concurrent-1.0.jar;C:\Users\NamrathaGonuguntla\.m2\repository\org\bouncycastle\bcprov-jdk15on\1.60\bcprov-jdk15on-1.60.jar;C:\Users\NamrathaGonuguntla\.m2\repository\org\bouncycastle\bcmail-jdk15on\1.60\bcmail-jdk15on-1.60.jar;C:\Users\NamrathaGonuguntla\.m2\repository\org\bouncycastle\bcpkix-jdk15on\1.60\bcpkix-jdk15on-1.60.jar;C:\Users\NamrathaGonuguntla\.m2\repository\dnsjava\dnsjava\2.1.8\dnsjava-2.1.8.jar;C:\Users\NamrathaGonuguntla\.m2\repository\org\nhind\gateway\6.0\gateway-6.0.jar;C:\Users\NamrathaGonuguntla\.m2\repository\org\nhind\direct-common-audit\6.0\direct-common-audit-6.0.jar;C:\Users\NamrathaGonuguntla\.m2\repository\org\springframework\boot\spring-boot-starter-data-jpa\2.1.2.RELEASE\spring-boot-starter-data-jpa-2.1.2.RELEASE.jar;C:\Users\NamrathaGonuguntla\.m2\repository\org\springframework\boot\spring-boot-starter-jdbc\2.1.2.RELEASE\spring-boot-starter-jdbc-2.1.2.RELEASE.jar;C:\Users\NamrathaGonuguntla\.m2\repository\com\zaxxer\HikariCP\3.2.0\HikariCP-3.2.0.jar;C:\Users\NamrathaGonuguntla\.m2\repository\org\springframework\spring-jdbc\5.1.4.RELEASE\spring-jdbc-5.1.4.RELEASE.jar;C:\Users\NamrathaGonuguntla\.m2\repository\javax\transaction\javax.transaction-api\1.3\javax.transaction-api-1.3.jar;C:\Users\NamrathaGonuguntla\.m2\repository\org\springframework\data\spring-data-jpa\2.1.4.RELEASE\spring-data-jpa-2.1.4.RELEASE.jar;C:\Users\NamrathaGonuguntla\.m2\repository\org\springframework\data\spring-data-commons\2.1.4.RELEASE\spring-data-commons-2.1.4.RELEASE.jar;C:\Users\NamrathaGonuguntla\.m2\repository\org\springframework\spring-orm\5.1.4.RELEASE\spring-orm-5.1.4.RELEASE.jar;C:\Users\NamrathaGonuguntla\.m2\repository\org\springframework\spring-aspects\5.1.4.RELEASE\spring-aspects-5.1.4.RELEASE.jar;C:\Users\NamrathaGonuguntla\.m2\repository\org\hibernate\hibernate-core\5.3.7.Final\hibernate-core-5.3.7.Final.jar;C:\Users\NamrathaGonuguntla\.m2\repository\javax\persistence\javax.persistence-api\2.2\javax.persistence-api-2.2.jar;C:\Users\NamrathaGonuguntla\.m2\repository\org\javassist\javassist\3.23.1-GA\javassist-3.23.1-GA.jar;C:\Users\NamrathaGonuguntla\.m2\repository\net\bytebuddy\byte-buddy\1.9.7\byte-buddy-1.9.7.jar;C:\Users\NamrathaGonuguntla\.m2\repository\antlr\antlr\2.7.7\antlr-2.7.7.jar;C:\Users\NamrathaGonuguntla\.m2\repository\org\jboss\spec\javax\transaction\jboss-transaction-api_1.2_spec\1.1.1.Final\jboss-transaction-api_1.2_spec-1.1.1.Final.jar;C:\Users\NamrathaGonuguntla\.m2\repository\org\jboss\jandex\2.0.5.Final\jandex-2.0.5.Final.jar;C:\Users\NamrathaGonuguntla\.m2\repository\org\dom4j\dom4j\2.1.1\dom4j-2.1.1.jar;C:\Users\NamrathaGonuguntla\.m2\repository\org\hibernate\common\hibernate-commons-annotations\5.0.4.Final\hibernate-commons-annotations-5.0.4.Final.jar;C:\Users\NamrathaGonuguntla\.m2\repository\org\hibernate\hibernate-entitymanager\5.3.7.Final\hibernate-entitymanager-5.3.7.Final.jar;C:\Users\NamrathaGonuguntla\.m2\repository\org\nhind\direct-msg-monitor-client\6.0\direct-msg-monitor-client-6.0.jar;C:\Users\NamrathaGonuguntla\.m2\repository\commons-fileupload\commons-fileupload\1.3.3\commons-fileupload-1.3.3.jar;C:\Users\NamrathaGonuguntla\.m2\repository\xalan\xalan\2.7.0\xalan-2.7.0.jar;C:\Users\NamrathaGonuguntla\.m2\repository\xml-apis\xml-apis\1.4.01\xml-apis-1.4.01.jar;"/>
    <property name="sun.cpu.endian" value="little"/>
    <property name="user.home" value="C:\Users\NamrathaGonuguntla"/>
    <property name="user.language" value="en"/>
    <property name="java.specification.vendor" value="Oracle Corporation"/>
    <property name="java.home" value="C:\Program Files\Java\jdk-1.8\jre"/>
    <property name="basedir" value="C:\Work\HISP\Version 6.0\Download-4.17.2024\xd-6.0\xd-6.0"/>
    <property name="file.separator" value="\"/>
    <property name="line.separator" value="&#10;"/>
    <property name="java.vm.specification.vendor" value="Oracle Corporation"/>
    <property name="java.specification.name" value="Java Platform API Specification"/>
    <property name="java.awt.graphicsenv" value="sun.awt.Win32GraphicsEnvironment"/>
    <property name="surefire.real.class.path" value="C:\Users\NAMRAT~1\AppData\Local\Temp\surefire6296315353428988211\surefirebooter5710684579639707216.jar"/>
    <property name="sun.boot.class.path" value="C:\Program Files\Java\jdk-1.8\jre\lib\resources.jar;C:\Program Files\Java\jdk-1.8\jre\lib\rt.jar;C:\Program Files\Java\jdk-1.8\jre\lib\jsse.jar;C:\Program Files\Java\jdk-1.8\jre\lib\jce.jar;C:\Program Files\Java\jdk-1.8\jre\lib\charsets.jar;C:\Program Files\Java\jdk-1.8\jre\lib\jfr.jar;C:\Program Files\Java\jdk-1.8\jre\classes"/>
    <property name="user.script" value=""/>
    <property name="sun.management.compiler" value="HotSpot 64-Bit Tiered Compilers"/>
    <property name="java.runtime.version" value="1.8.0_391-b13"/>
    <property name="user.name" value="NamrathaGonuguntla"/>
    <property name="path.separator" value=";"/>
    <property name="os.version" value="10.0"/>
    <property name="java.endorsed.dirs" value="C:\Program Files\Java\jdk-1.8\jre\lib\endorsed"/>
    <property name="java.runtime.name" value="Java(TM) SE Runtime Environment"/>
    <property name="file.encoding" value="Cp1252"/>
    <property name="java.vm.name" value="Java HotSpot(TM) 64-Bit Server VM"/>
    <property name="localRepository" value="C:\Users\NamrathaGonuguntla\.m2\repository"/>
    <property name="java.vendor.url.bug" value="http://bugreport.sun.com/bugreport/"/>
    <property name="java.io.tmpdir" value="C:\Users\NAMRAT~1\AppData\Local\Temp\"/>
    <property name="java.version" value="1.8.0_391"/>
    <property name="user.dir" value="C:\Work\HISP\Version 6.0\Download-4.17.2024\xd-6.0\xd-6.0"/>
    <property name="os.arch" value="amd64"/>
    <property name="java.vm.specification.name" value="Java Virtual Machine Specification"/>
    <property name="java.awt.printerjob" value="sun.awt.windows.WPrinterJob"/>
    <property name="sun.os.patch.level" value=""/>
    <property name="java.library.path" value="C:\Program Files\Java\jdk-1.8\jre\bin;C:\Windows\Sun\Java\bin;C:\Windows\system32;C:\Windows;C:\Program Files;C:\Windows\system32;C:\Windows;C:\Program Files (x86)\Common Files\Oracle\Java\javapath;C:\Windows\System32\WindowsPowerShell\v1.0;C:\Windows\System32\OpenSSH;C:\Program Files\apache-maven-3.9.6\bin;C:\Program Files\PuTTY\;C:\Users\NamrathaGonuguntla\AppData\Local\Microsoft\WindowsApps;C:\Users\NamrathaGonuguntla\AppData\Local\Programs\Microsoft VS Code\bin;C:\Users\NamrathaGonuguntla\AppData\Local\GitHubDesktop\bin;C:\Program Files\apache-maven-3.9.6\bin;C:\Program Files\Azure Data Studio\bin;C:\Users\NamrathaGonuguntla\AppData\Roaming\npm;C:\Program Files\Java\jdk-1.8\bin;C:\Program Files\Java\jdk-1.8\bin;C:\Program Files\apache-maven-3.9.6;;."/>
    <property name="java.vm.info" value="mixed mode"/>
    <property name="java.vendor" value="Oracle Corporation"/>
    <property name="java.vm.version" value="25.391-b13"/>
    <property name="java.specification.maintenance.version" value="5"/>
    <property name="java.ext.dirs" value="C:\Program Files\Java\jdk-1.8\jre\lib\ext;C:\Windows\Sun\Java\lib\ext"/>
    <property name="sun.io.unicode.encoding" value="UnicodeLittle"/>
    <property name="java.class.version" value="52.0"/>
  </properties>
  <testcase name="testDocumentRepositoryProvideAndRegisterDocumentSetB" classname="org.nhind.xdr.XDRTest" time="0.402"/>
  <testcase name="testDocumentRepositoryRetrieveDocumentSet" classname="org.nhind.xdr.XDRTest" time="0.002"/>
</testsuite>